<?xml version="1.0" encoding="UTF-8"?>
<!-- Generated by org.testng.reporters.JUnitReportReporter -->
<testsuite hostname="DESKTOP-QMSQO3B" failures="0" tests="3" name="com.telus.registerdemo.RegisterDemoFlow" time="8.783" errors="0" timestamp="2022-06-20T02:21:01 IST" skipped="0">
  <testcase classname="com.telus.registerdemo.RegisterDemoFlow" name="navigateToRegistrationForm" time="2.555"/>
  <system-out/>
  <testcase classname="com.telus.registerdemo.RegisterDemoFlow" name="registerForDemo" time="5.962"/>
  <system-out/>
  <testcase classname="com.telus.registerdemo.RegisterDemoFlow" name="validateSuccessfulMsg" time="0.266"/>
  <system-out/>
</testsuite> <!-- com.telus.registerdemo.RegisterDemoFlow -->
