<?xml version="1.0" encoding="UTF-8"?>
<!-- Generated by org.testng.reporters.JUnitReportReporter -->
<testsuite hostname="DESKTOP-QMSQO3B" failures="0" tests="3" name="com.telus.registerdemo.RegisterDemoFlow" time="10.460" errors="0" timestamp="2022-03-15T11:43:23 IST" skipped="0">
  <testcase classname="com.telus.registerdemo.RegisterDemoFlow" name="navigateToRegistrationForm" time="2.530"/>
  <system-out/>
  <testcase classname="com.telus.registerdemo.RegisterDemoFlow" name="registerForDemo" time="7.513"/>
  <system-out/>
  <testcase classname="com.telus.registerdemo.RegisterDemoFlow" name="validateSuccessfulMsg" time="0.417"/>
  <system-out/>
</testsuite> <!-- com.telus.registerdemo.RegisterDemoFlow -->
